124
897
716
663
887
273
852
434
890
191
787
574
335
335
107
413
875
763
468
112
756
658
62
130
842
909
742
825
570
543
498
488
248
603
249
113
801
252
785
346
517
82
892
953
678
847
247
573
927
478
192
190
360
6
587
737
617
92
31
39
417
262
361
260
385
778
349
576
737
650
706
537
754
745
600
440
232
452
91
482
189
998
108
967
643
341
154
281
277
420
909
385
681
477
541
478
928
429
357
157
262
268
650
64
479
379
218
518
272
16
850
336
858
771
88
901
352
105
769
429
805
788
649
699
715
961
174
75
593
119
69
625
367
197
155
40
570
287
424
623
936
963
699
665
635
270
696
659
787
565
20
672
757
516
13
347
296
144
811
761
887
387
377
658
67
83
608
296
638
583
313
928
519
884
322
34
705
754
157
590
594
7
742
851
314
985
16
952
957
763
26
383
721
898
423
462
182
560
90
517
837
66
9
941
108
397
275
714
6
920
939
905
955
276
656
912
98
725
714
220
92
987
727
521
687
261
311
334
474
352
748
790
760
42
305
918
974
474
168
53
290
195
198
918
509
483
703
44
478
317
347
838
558
381
30
965
238
934
175
494
956
653
23
665
471
123
911
231
781
912
11
670
791
99
517
870
858
986
558
416
950
836
299
253
964
794
31
95
927
288
263
239
744
817
426
977
85
872
998
773
178
46
45
858
70
83
630
450
983
74
345
675
754
256
971
364
968
387
396
746
167
32
952
304
509
382
906
89
665
593
395
552
74
19
429
403
72
553
807
847
538
319
360
837
302
846
295
906
766
817
220
41
222
773
320
499
652
448
212
275
769
422
475
631
586
995
321
858
390
983
1000
904
589
425
208
706
809
808
51
832
857
987
141
481
164
236
113
486
568
975
525
339
743
127
846
750
294
702
68
183
650
756
281
995
929
527
558
674
167
491
608
87
426
622
526
507
95
775
521
477
355
89
156
519
659
349
799
353
76
941
404
758
893
975
30
293
988
123
675
255
343
989
631
784
566
500
29
190
514
579
611
504
937
100
122
630
219
517
882
755
908
153
210
559
339
664
954
741
688
325
736
828
592
130
331
141
128
285
549
646
594
836
433
606
325
959
836
784
812
638
109
971
833
412
390
96
127
673
947
779
917
889
342
918
496
617
407
508
667
411
605
294
370
772
981
412
130
387
175
472
801
578
768
124
909
655
11
48
815
373
431
307
767
49
834
237
351
820
89
392
795
902
267
166
284
408
374
604
221
518
224
924
498
796
31
374
935
443
150
251
382
504
601
495
637
443
608
883
512
421
812
683
632
687
110
166
369
341
991
543
383
139
683
136
430
830
95
872
31
57
123
165
581
375
451
157
607
828
502
900
502
628
996
85
668
324
885
488
887
746
966
798
585
930
106
883
753
293
706
293
604
718
467
679
865
449
880
590
94
806
864
507
871
191
156
757
505
883
925
228
767
483
920
919
493
684
666
448
10
262
146
620
491
636
52
292
110
171
825
505
202
99
596
359
530
59
648
30
219
557
777
852
363
47
498
532
231
355
131
525
473
672
906
838
76
688
30
90
721
14
554
841
156
409
159
785
703
521
490
928
695
510
877
974
188
224
427
440
102
353
278
59
396
193
638
578
227
182
538
196
356
896
163
766
673
1
876
611
159
38
347
574
563
703
59
328
290
920
160
704
895
849
393
253
553
161
651
100
518
656
434
975
77
10
698
605
572
576
84
79
930
746
378
497
731
716
316
290
409
714
268
370
105
691
632
603
172
387
493
505
48
358
29
615
208
997
875
181
88
547
765
113
847
284
14
279
418
601
679
372
933
975
45
537
62
676
490
445
825
290
893
933
6
897
630
34
152
651
80
279
760
77
838
412
45
276
154
656
491
576
586
66
84
238
765
636
556
151
404
563
617
31
214
928
240
713
494
643
522
597
669
828
724
915
518
474
197
213
934
327
187
976
493
392
314
516
74
358
733
494
667
960
355
49
304
894
122
105
41
345
376
33
650
375
965
349
748
380
845
706
229
828
977
718
41
847
406
977
427
263
102
974
311
564
589
309
949
248
188
285
790
525
280
641
953
362
43
641
458
574
700
541
639
552
664
133
643
761
788
969
512
528
641
391
523
258
319
950
595
897
316
691
270
109
192
765
937
1
493
615
566
733
773
614
18
909
795
567
795
630
175
941
179
465
532
916
672
775
326
93
291
730
433
167
956
814
655
356
46
405
899
463
489
851
394
517
558
159
860
485
960
398
784
462
472
18
215
469
850
905
